0 verbose cli /opt/homebrew/Cellar/node/23.11.0/bin/node /opt/homebrew/bin/npm
1 info using npm@10.9.2
2 info using node@v23.11.0
3 silly config load:file:/opt/homebrew/lib/node_modules/npm/npmrc
4 silly config load:file:/Users/mjamal/.npmrc
5 silly config load:file:/opt/homebrew/etc/npmrc
6 verbose title npm create vite@latest admin-portal --template react-ts
7 verbose argv "create" "vite@latest" "admin-portal" "--" "--template" "react-ts"
8 verbose logfile logs-max:10 dir:/Users/mjamal/Repos/Jamal/ocelot.ai/frontend/.npm-cache/_logs/2025-06-13T12_55_33_138Z-
9 verbose logfile /Users/mjamal/Repos/Jamal/ocelot.ai/frontend/.npm-cache/_logs/2025-06-13T12_55_33_138Z-debug-0.log
10 silly logfile done cleaning log files
11 silly packumentCache heap:4345298944 maxSize:1086324736 maxEntrySize:543162368
12 http fetch GET 200 https://registry.npmjs.org/create-vite 426ms (cache miss)
13 silly packumentCache heap:4345298944 maxSize:1086324736 maxEntrySize:543162368
14 silly idealTree buildDeps
15 silly fetch manifest create-vite@6.5.0
16 silly packumentCache full:https://registry.npmjs.org/create-vite cache-miss
17 http fetch GET 200 https://registry.npmjs.org/npm 602ms
18 http fetch GET 200 https://registry.npmjs.org/create-vite 775ms (cache miss)
19 silly packumentCache full:https://registry.npmjs.org/create-vite set size:undefined disposed:false
20 silly placeDep ROOT create-vite@6.5.0 OK for:  want: 6.5.0
21 silly reify moves {}
22 silly audit bulk request { 'create-vite': [ '6.5.0' ] }
23 http cache create-vite@https://registry.npmjs.org/create-vite/-/create-vite-6.5.0.tgz 0ms (cache hit)
24 silly tarball no local data for create-vite@https://registry.npmjs.org/create-vite/-/create-vite-6.5.0.tgz. Extracting by manifest.
25 http fetch GET 200 https://registry.npmjs.org/create-vite/-/create-vite-6.5.0.tgz 137ms (cache miss)
26 http fetch POST 200 https://registry.npmjs.org/-/npm/v1/security/advisories/bulk 304ms
27 silly audit report {}
28 verbose cwd /Users/mjamal/Repos/Jamal/ocelot.ai/frontend
29 verbose os Darwin 24.5.0
30 verbose node v23.11.0
31 verbose npm  v10.9.2
32 notice
32 notice New [31mmajor[39m version of npm available! [31m10.9.2[39m -> [34m11.4.2[39m
32 notice Changelog: [34mhttps://github.com/npm/cli/releases/tag/v11.4.2[39m
32 notice To update run: [4mnpm install -g npm@11.4.2[24m
32 notice  { force: true, [Symbol(proc-log.meta)]: true }
33 verbose exit 0
34 info ok
